<?xml version="1.0" encoding="UTF-8"?>
<testng-results ignored="0" total="1" passed="1" failed="0" skipped="0">
  <reporter-output>
  </reporter-output>
  <suite started-at="2024-09-24T16:26:14 IST" name="Default suite" finished-at="2024-09-24T16:27:44 IST" duration-ms="90082">
    <groups>
      <group name="cucumber">
        <method signature="AbstractTestNGCucumberTests.runScenario(io.cucumber.testng.PickleWrapper,io.cucumber.testng.FeatureWrapper)[pri:0, instance:TestRunner.TestRunner$CucumberTest@5e7cd6cc]" name="runScenario" class="io.cucumber.testng.AbstractTestNGCucumberTests"/>
      </group> <!-- cucumber -->
    </groups>
    <test started-at="2024-09-24T16:26:14 IST" name="Default test" finished-at="2024-09-24T16:27:44 IST" duration-ms="90082">
      <class name="TestRunner.TestRunner$CucumberTest">
        <test-method is-config="true" signature="setUpClass(org.testng.ITestContext)[pri:0, instance:TestRunner.TestRunner$CucumberTest@5e7cd6cc]" started-at="2024-09-24T16:26:14 IST" name="setUpClass" finished-at="2024-09-24T16:26:15 IST" duration-ms="718" status="PASS">
          <params>
            <param index="0">
              <value>
                <![CDATA[org.testng.TestRunner@1ab28416]]>
              </value>
            </param>
          </params>
          <reporter-output>
          </reporter-output>
        </test-method> <!-- setUpClass -->
        <test-method signature="runScenario(io.cucumber.testng.PickleWrapper,io.cucumber.testng.FeatureWrapper)[pri:0, instance:TestRunner.TestRunner$CucumberTest@5e7cd6cc]" started-at="2024-09-24T16:26:15 IST" name="runScenario" description="Runs Cucumber Scenarios" data-provider="scenarios" finished-at="2024-09-24T16:27:42 IST" duration-ms="87140" status="PASS">
          <params>
            <param index="0">
              <value>
                <![CDATA["Verify the MM Search functionality"]]>
              </value>
            </param>
            <param index="1">
              <value>
                <![CDATA["Case Creation Workflow for Quality"]]>
              </value>
            </param>
          </params>
          <reporter-output>
          </reporter-output>
        </test-method> <!-- runScenario -->
        <test-method is-config="true" signature="tearDownClass()[pri:0, instance:TestRunner.TestRunner$CucumberTest@5e7cd6cc]" started-at="2024-09-24T16:27:42 IST" name="tearDownClass" finished-at="2024-09-24T16:27:44 IST" duration-ms="2189" status="PASS">
          <reporter-output>
          </reporter-output>
        </test-method> <!-- tearDownClass -->
      </class> <!-- TestRunner.TestRunner$CucumberTest -->
    </test> <!-- Default test -->
  </suite> <!-- Default suite -->
</testng-results>
